<?xml version="1.0" encoding="UTF-8"?>
<!-- Generated by org.testng.reporters.JUnitXMLReporter -->
<testsuite hostname="LAPTOP-G0K08KG2" failures="1" tests="1" name="AkbarTestsFlight" time="52.009" errors="0" timestamp="13 Sep 2020 13:09:20 GMT">
  <testcase classname="com.akbar.testCases.AkbarTestsFlight" name="flights" time="38.539">
    <failure type="java.lang.AssertionError" message="Lists differ at element [5]: 21 Jul’20 , Tuesday != 22 Nov’20 , Sunday expected [21 Jul’20 , Tuesday] but found [22 Nov’20 , Sunday]">
      <![CDATA[java.lang.AssertionError: Lists differ at element [5]: 21 Jul’20 , Tuesday != 22 Nov’20 , Sunday expected [21 Jul’20 , Tuesday] but found [22 Nov’20 , Sunday]
	at com.akbar.testCases.AkbarTestsFlight.flights(AkbarTestsFlight.java:64)
... Removed 29 stack frames]]>
    </failure>
  </testcase> <!-- flights -->
</testsuite> <!-- AkbarTestsFlight -->
