<?xml version="1.0" encoding="UTF-8"?>
<testng-results total="3" passed="3" failed="0" skipped="0">
  <reporter-output>
  </reporter-output>
  <suite started-at="2020-06-28T19:27:26Z" name="Suite" finished-at="2020-06-28T19:29:44Z" duration-ms="138153">
    <groups>
    </groups>
    <test started-at="2020-06-28T19:27:26Z" name="AkbarTestVerifyRegisterName" finished-at="2020-06-28T19:27:54Z" duration-ms="27249">
      <class name="com.akbar.testCases.AkbarTestVerifyRegisterName">
        <test-method is-config="true" signature="startBrowser()[pri:0, instance:com.akbar.testCases.AkbarTestVerifyRegisterName@463fd068]" started-at="2020-06-29T00:57:26Z" name="startBrowser" finished-at="2020-06-29T00:57:35Z" duration-ms="8962" status="PASS">
          <reporter-output>
          </reporter-output>
        </test-method> <!-- startBrowser -->
        <test-method signature="VerifyRegisterName(java.lang.String, java.lang.String, java.lang.String)[pri:0, instance:com.akbar.testCases.AkbarTestVerifyRegisterName@463fd068]" started-at="2020-06-29T00:57:35Z" name="VerifyRegisterName" finished-at="2020-06-29T00:57:47Z" duration-ms="11613" status="PASS">
          <params>
            <param index="0">
              <value>
                <![CDATA[devesh24deo@gmail.com]]>
              </value>
            </param>
            <param index="1">
              <value>
                <![CDATA[Password1]]>
              </value>
            </param>
            <param index="2">
              <value>
                <![CDATA[https://www.akbartravels.com]]>
              </value>
            </param>
          </params>
          <reporter-output>
          </reporter-output>
        </test-method> <!-- VerifyRegisterName -->
        <test-method is-config="true" signature="close()[pri:0, instance:com.akbar.testCases.AkbarTestVerifyRegisterName@463fd068]" started-at="2020-06-29T00:57:47Z" name="close" finished-at="2020-06-29T00:57:54Z" duration-ms="6628" status="PASS">
          <reporter-output>
          </reporter-output>
        </test-method> <!-- close -->
      </class> <!-- com.akbar.testCases.AkbarTestVerifyRegisterName -->
    </test> <!-- AkbarTestVerifyRegisterName -->
    <test started-at="2020-06-28T19:27:54Z" name="AkbarTestsFlight" finished-at="2020-06-28T19:28:49Z" duration-ms="55508">
      <class name="com.akbar.testCases.AkbarTestsFlight">
        <test-method is-config="true" signature="startBrowser()[pri:0, instance:com.akbar.testCases.AkbarTestsFlight@52e7a6b2]" started-at="2020-06-29T00:57:54Z" name="startBrowser" finished-at="2020-06-29T00:58:01Z" duration-ms="7537" status="PASS">
          <reporter-output>
          </reporter-output>
        </test-method> <!-- startBrowser -->
        <test-method signature="flights(java.lang.String, java.lang.String, java.lang.String, java.lang.String, java.lang.String, java.lang.String, java.lang.String)[pri:0, instance:com.akbar.testCases.AkbarTestsFlight@52e7a6b2]" started-at="2020-06-29T00:58:03Z" name="flights" data-provider="getData" finished-at="2020-06-29T00:58:46Z" duration-ms="43713" status="PASS">
          <params>
            <param index="0">
              <value>
                <![CDATA[https://www.akbartravels.com]]>
              </value>
            </param>
            <param index="1">
              <value>
                <![CDATA[devesh24deo@gmail.com]]>
              </value>
            </param>
            <param index="2">
              <value>
                <![CDATA[Password1]]>
              </value>
            </param>
            <param index="3">
              <value>
                <![CDATA[New York]]>
              </value>
            </param>
            <param index="4">
              <value>
                <![CDATA[Dubai]]>
              </value>
            </param>
            <param index="5">
              <value>
                <![CDATA[7/15/20]]>
              </value>
            </param>
            <param index="6">
              <value>
                <![CDATA[7/29/20]]>
              </value>
            </param>
          </params>
          <reporter-output>
          </reporter-output>
        </test-method> <!-- flights -->
        <test-method is-config="true" signature="close()[pri:0, instance:com.akbar.testCases.AkbarTestsFlight@52e7a6b2]" started-at="2020-06-29T00:58:46Z" name="close" finished-at="2020-06-29T00:58:49Z" duration-ms="2890" status="PASS">
          <reporter-output>
          </reporter-output>
        </test-method> <!-- close -->
      </class> <!-- com.akbar.testCases.AkbarTestsFlight -->
    </test> <!-- AkbarTestsFlight -->
    <test started-at="2020-06-28T19:28:49Z" name="AkbarTestsHotel" finished-at="2020-06-28T19:29:44Z" duration-ms="55257">
      <class name="com.akbar.testCases.AkbarTestHotel">
        <test-method is-config="true" signature="startBrowser()[pri:0, instance:com.akbar.testCases.AkbarTestHotel@4f704591]" started-at="2020-06-29T00:58:49Z" name="startBrowser" finished-at="2020-06-29T00:58:58Z" duration-ms="8875" status="PASS">
          <reporter-output>
          </reporter-output>
        </test-method> <!-- startBrowser -->
        <test-method signature="hotel(java.lang.String, java.lang.String, java.lang.String, java.lang.String)[pri:0, instance:com.akbar.testCases.AkbarTestHotel@4f704591]" started-at="2020-06-29T00:58:58Z" name="hotel" data-provider="getData" finished-at="2020-06-29T00:59:34Z" duration-ms="36156" status="PASS">
          <params>
            <param index="0">
              <value>
                <![CDATA[https://www.akbartravels.com/b2cplus/hotel]]>
              </value>
            </param>
            <param index="1">
              <value>
                <![CDATA[Mumbai]]>
              </value>
            </param>
            <param index="2">
              <value>
                <![CDATA[7/16/20]]>
              </value>
            </param>
            <param index="3">
              <value>
                <![CDATA[7/21/20]]>
              </value>
            </param>
          </params>
          <reporter-output>
          </reporter-output>
        </test-method> <!-- hotel -->
        <test-method is-config="true" signature="close()[pri:0, instance:com.akbar.testCases.AkbarTestHotel@4f704591]" started-at="2020-06-29T00:59:34Z" name="close" finished-at="2020-06-29T00:59:44Z" duration-ms="10157" status="PASS">
          <reporter-output>
          </reporter-output>
        </test-method> <!-- close -->
      </class> <!-- com.akbar.testCases.AkbarTestHotel -->
    </test> <!-- AkbarTestsHotel -->
  </suite> <!-- Suite -->
</testng-results>
